2024-05-23 11:03:29,979 CRIT Supervisor is running as root.  Privileges were not dropped because no user is specified in the config file.  If you intend to run as root, you can set user=root in the config file to avoid this message.
2024-05-23 11:03:29,988 INFO supervisord started with pid 15
2024-05-23 11:03:30,996 INFO spawned: 'php-fpm' with pid 16
2024-05-23 11:03:31,013 INFO spawned: 'cron' with pid 17
2024-05-23 11:03:31,022 INFO spawned: 'laravel-scheduler' with pid 18
2024-05-23 11:03:31,038 INFO spawned: 'laravel-worker_00' with pid 19
2024-05-23 11:03:31,046 INFO spawned: 'laravel-worker_01' with pid 20
2024-05-23 11:03:31,050 INFO spawned: 'laravel-worker_02' with pid 21
2024-05-23 11:03:32,093 INFO success: php-fpm entered RUNNING state, process has stayed up for > than 1 seconds (startsecs)
2024-05-23 11:03:32,094 INFO success: cron entered RUNNING state, process has stayed up for > than 1 seconds (startsecs)
2024-05-23 11:03:32,094 INFO success: laravel-scheduler entered RUNNING state, process has stayed up for > than 1 seconds (startsecs)
2024-05-23 11:03:32,094 INFO success: laravel-worker_00 entered RUNNING state, process has stayed up for > than 1 seconds (startsecs)
2024-05-23 11:03:32,095 INFO success: laravel-worker_01 entered RUNNING state, process has stayed up for > than 1 seconds (startsecs)
2024-05-23 11:03:32,095 INFO success: laravel-worker_02 entered RUNNING state, process has stayed up for > than 1 seconds (startsecs)
2024-05-23 11:03:32,096 WARN exited: php-fpm (exit status 78; not expected)
2024-05-23 11:03:33,099 INFO spawned: 'php-fpm' with pid 22
2024-05-23 11:03:33,163 WARN exited: php-fpm (exit status 78; not expected)
2024-05-23 11:03:34,168 INFO spawned: 'php-fpm' with pid 23
2024-05-23 11:03:34,269 WARN exited: php-fpm (exit status 78; not expected)
2024-05-23 11:03:36,303 INFO spawned: 'php-fpm' with pid 38
2024-05-23 11:03:36,366 WARN exited: php-fpm (exit status 78; not expected)
2024-05-23 11:03:39,894 INFO spawned: 'php-fpm' with pid 41
2024-05-23 11:03:39,983 WARN exited: php-fpm (exit status 78; not expected)
2024-05-23 11:03:40,985 INFO gave up: php-fpm entered FATAL state, too many start retries too quickly
2024-05-23 11:03:54,268 INFO exited: laravel-scheduler (exit status 0; expected)
2024-05-23 11:03:55,275 INFO spawned: 'laravel-scheduler' with pid 44
2024-05-23 11:03:56,280 INFO success: laravel-scheduler entered RUNNING state, process has stayed up for > than 1 seconds (startsecs)
2024-05-23 11:04:14,487 INFO exited: laravel-scheduler (exit status 0; expected)
2024-05-23 11:04:15,494 INFO spawned: 'laravel-scheduler' with pid 57
2024-05-23 11:04:16,497 INFO success: laravel-scheduler entered RUNNING state, process has stayed up for > than 1 seconds (startsecs)
2024-05-23 11:04:34,587 INFO exited: laravel-scheduler (exit status 0; expected)
2024-05-23 11:04:35,593 INFO spawned: 'laravel-scheduler' with pid 64
2024-05-23 11:04:36,594 INFO success: laravel-scheduler entered RUNNING state, process has stayed up for > than 1 seconds (startsecs)
2024-05-23 11:07:04,911 CRIT Supervisor is running as root.  Privileges were not dropped because no user is specified in the config file.  If you intend to run as root, you can set user=root in the config file to avoid this message.
2024-05-23 11:07:04,923 INFO supervisord started with pid 1
2024-05-23 11:07:05,927 INFO spawned: 'php-fpm' with pid 8
2024-05-23 11:07:05,929 INFO spawned: 'cron' with pid 9
2024-05-23 11:07:05,933 INFO spawned: 'laravel-scheduler' with pid 10
2024-05-23 11:07:05,939 INFO spawned: 'laravel-worker_00' with pid 11
2024-05-23 11:07:05,943 INFO spawned: 'laravel-worker_01' with pid 12
2024-05-23 11:07:05,947 INFO spawned: 'laravel-worker_02' with pid 13
2024-05-23 11:07:07,022 INFO success: php-fpm entered RUNNING state, process has stayed up for > than 1 seconds (startsecs)
2024-05-23 11:07:07,026 INFO success: cron entered RUNNING state, process has stayed up for > than 1 seconds (startsecs)
2024-05-23 11:07:07,026 INFO success: laravel-scheduler entered RUNNING state, process has stayed up for > than 1 seconds (startsecs)
2024-05-23 11:07:07,027 INFO success: laravel-worker_00 entered RUNNING state, process has stayed up for > than 1 seconds (startsecs)
2024-05-23 11:07:07,028 INFO success: laravel-worker_01 entered RUNNING state, process has stayed up for > than 1 seconds (startsecs)
2024-05-23 11:07:07,030 INFO success: laravel-worker_02 entered RUNNING state, process has stayed up for > than 1 seconds (startsecs)
2024-05-23 11:07:22,209 INFO exited: laravel-scheduler (exit status 0; expected)
2024-05-23 11:07:23,219 INFO spawned: 'laravel-scheduler' with pid 34
2024-05-23 11:07:24,224 INFO success: laravel-scheduler entered RUNNING state, process has stayed up for > than 1 seconds (startsecs)
2024-05-23 11:07:41,680 INFO exited: laravel-scheduler (exit status 0; expected)
2024-05-23 11:07:42,690 INFO spawned: 'laravel-scheduler' with pid 41
2024-05-23 11:07:43,695 INFO success: laravel-scheduler entered RUNNING state, process has stayed up for > than 1 seconds (startsecs)
2024-05-23 11:08:02,445 INFO reaped unknown pid 51 (exit status 0)
2024-05-23 11:08:02,593 INFO exited: laravel-scheduler (exit status 0; expected)
2024-05-23 11:08:03,620 INFO spawned: 'laravel-scheduler' with pid 54
2024-05-23 11:08:04,623 INFO success: laravel-scheduler entered RUNNING state, process has stayed up for > than 1 seconds (startsecs)
2024-05-23 11:08:25,221 INFO exited: laravel-scheduler (exit status 0; expected)
2024-05-23 11:08:26,227 INFO spawned: 'laravel-scheduler' with pid 61
2024-05-23 11:08:27,228 INFO success: laravel-scheduler entered RUNNING state, process has stayed up for > than 1 seconds (startsecs)
2024-05-23 11:08:44,878 INFO exited: laravel-scheduler (exit status 0; expected)
2024-05-23 11:08:45,886 INFO spawned: 'laravel-scheduler' with pid 68
2024-05-23 11:08:46,888 INFO success: laravel-scheduler entered RUNNING state, process has stayed up for > than 1 seconds (startsecs)
2024-05-23 11:09:02,711 INFO reaped unknown pid 78 (exit status 0)
2024-05-23 11:09:04,812 INFO exited: laravel-scheduler (exit status 0; expected)
2024-05-23 11:09:05,816 INFO spawned: 'laravel-scheduler' with pid 81
2024-05-23 11:09:06,821 INFO success: laravel-scheduler entered RUNNING state, process has stayed up for > than 1 seconds (startsecs)
2024-05-23 11:09:26,396 INFO exited: laravel-scheduler (exit status 0; expected)
2024-05-23 11:09:27,402 INFO spawned: 'laravel-scheduler' with pid 88
2024-05-23 11:09:28,407 INFO success: laravel-scheduler entered RUNNING state, process has stayed up for > than 1 seconds (startsecs)
2024-05-23 11:09:45,539 INFO exited: laravel-scheduler (exit status 0; expected)
2024-05-23 11:09:46,544 INFO spawned: 'laravel-scheduler' with pid 95
2024-05-23 11:09:47,549 INFO success: laravel-scheduler entered RUNNING state, process has stayed up for > than 1 seconds (startsecs)
2024-05-23 11:10:01,169 INFO reaped unknown pid 105 (exit status 0)
2024-05-23 11:10:04,274 INFO exited: laravel-scheduler (exit status 0; expected)
2024-05-23 11:10:05,279 INFO spawned: 'laravel-scheduler' with pid 108
2024-05-23 11:10:06,282 INFO success: laravel-scheduler entered RUNNING state, process has stayed up for > than 1 seconds (startsecs)
2024-05-23 11:10:24,047 INFO exited: laravel-scheduler (exit status 0; expected)
2024-05-23 11:10:25,054 INFO spawned: 'laravel-scheduler' with pid 115
2024-05-23 11:10:26,057 INFO success: laravel-scheduler entered RUNNING state, process has stayed up for > than 1 seconds (startsecs)
2024-05-23 11:10:44,124 INFO exited: laravel-scheduler (exit status 0; expected)
2024-05-23 11:10:45,130 INFO spawned: 'laravel-scheduler' with pid 122
2024-05-23 11:10:46,131 INFO success: laravel-scheduler entered RUNNING state, process has stayed up for > than 1 seconds (startsecs)
2024-05-23 11:11:01,815 INFO reaped unknown pid 132 (exit status 0)
2024-05-23 11:11:03,975 INFO exited: laravel-scheduler (exit status 0; expected)
2024-05-23 11:11:04,980 INFO spawned: 'laravel-scheduler' with pid 135
2024-05-23 11:11:05,982 INFO success: laravel-scheduler entered RUNNING state, process has stayed up for > than 1 seconds (startsecs)
2024-05-23 11:11:23,564 INFO exited: laravel-scheduler (exit status 0; expected)
2024-05-23 11:11:24,570 INFO spawned: 'laravel-scheduler' with pid 142
2024-05-23 11:11:25,574 INFO success: laravel-scheduler entered RUNNING state, process has stayed up for > than 1 seconds (startsecs)
2024-05-23 11:11:43,333 WARN received SIGQUIT indicating exit request
2024-05-23 11:11:43,333 INFO waiting for php-fpm, cron, laravel-scheduler, laravel-worker_00, laravel-worker_01, laravel-worker_02 to die
2024-05-23 11:11:43,471 WARN stopped: laravel-worker_00 (terminated by SIGTERM)
2024-05-23 11:11:43,471 WARN stopped: laravel-worker_01 (terminated by SIGTERM)
2024-05-23 11:11:43,472 WARN stopped: laravel-worker_02 (terminated by SIGTERM)
2024-05-23 11:11:44,478 WARN stopped: laravel-scheduler (terminated by SIGTERM)
2024-05-23 11:11:44,480 WARN stopped: cron (terminated by SIGTERM)
2024-05-23 11:11:44,486 INFO stopped: php-fpm (exit status 0)
2024-05-23 11:11:57,692 CRIT Supervisor is running as root.  Privileges were not dropped because no user is specified in the config file.  If you intend to run as root, you can set user=root in the config file to avoid this message.
2024-05-23 11:11:57,704 INFO supervisord started with pid 1
2024-05-23 11:11:58,708 INFO spawned: 'php-fpm' with pid 6
2024-05-23 11:11:58,711 INFO spawned: 'cron' with pid 7
2024-05-23 11:11:58,718 INFO spawned: 'laravel-scheduler' with pid 8
2024-05-23 11:11:58,722 INFO spawned: 'laravel-worker_00' with pid 9
2024-05-23 11:11:58,728 INFO spawned: 'laravel-worker_01' with pid 10
2024-05-23 11:11:58,740 INFO spawned: 'laravel-worker_02' with pid 11
2024-05-23 11:11:59,769 INFO success: php-fpm entered RUNNING state, process has stayed up for > than 1 seconds (startsecs)
2024-05-23 11:11:59,771 INFO success: cron entered RUNNING state, process has stayed up for > than 1 seconds (startsecs)
2024-05-23 11:11:59,772 INFO success: laravel-scheduler entered RUNNING state, process has stayed up for > than 1 seconds (startsecs)
2024-05-23 11:11:59,774 INFO success: laravel-worker_00 entered RUNNING state, process has stayed up for > than 1 seconds (startsecs)
2024-05-23 11:11:59,777 INFO success: laravel-worker_01 entered RUNNING state, process has stayed up for > than 1 seconds (startsecs)
2024-05-23 11:11:59,778 INFO success: laravel-worker_02 entered RUNNING state, process has stayed up for > than 1 seconds (startsecs)
2024-05-23 11:12:01,781 INFO reaped unknown pid 17 (exit status 0)
2024-05-23 11:12:02,863 INFO exited: laravel-scheduler (exit status 0; expected)
2024-05-23 11:12:03,873 INFO spawned: 'laravel-scheduler' with pid 34
2024-05-23 11:12:04,877 INFO success: laravel-scheduler entered RUNNING state, process has stayed up for > than 1 seconds (startsecs)
2024-05-23 11:12:09,641 INFO exited: laravel-scheduler (exit status 0; expected)
2024-05-23 11:12:10,646 INFO spawned: 'laravel-scheduler' with pid 37
2024-05-23 11:12:11,648 INFO success: laravel-scheduler entered RUNNING state, process has stayed up for > than 1 seconds (startsecs)
2024-05-23 11:12:16,308 INFO exited: laravel-scheduler (exit status 0; expected)
2024-05-23 11:12:17,314 INFO spawned: 'laravel-scheduler' with pid 40
2024-05-23 11:12:18,316 INFO success: laravel-scheduler entered RUNNING state, process has stayed up for > than 1 seconds (startsecs)
2024-05-23 11:12:24,019 INFO exited: laravel-scheduler (exit status 0; expected)
2024-05-23 11:12:25,025 INFO spawned: 'laravel-scheduler' with pid 43
2024-05-23 11:12:26,028 INFO success: laravel-scheduler entered RUNNING state, process has stayed up for > than 1 seconds (startsecs)
2024-05-23 11:12:31,207 INFO exited: laravel-scheduler (exit status 0; expected)
2024-05-23 11:12:32,215 INFO spawned: 'laravel-scheduler' with pid 46
2024-05-23 11:12:33,218 INFO success: laravel-scheduler entered RUNNING state, process has stayed up for > than 1 seconds (startsecs)
2024-05-23 11:12:37,974 INFO exited: laravel-scheduler (exit status 0; expected)
2024-05-23 11:12:38,979 INFO spawned: 'laravel-scheduler' with pid 49
2024-05-23 11:12:39,981 INFO success: laravel-scheduler entered RUNNING state, process has stayed up for > than 1 seconds (startsecs)
2024-05-23 11:12:44,593 INFO exited: laravel-scheduler (exit status 0; expected)
2024-05-23 11:12:45,600 INFO spawned: 'laravel-scheduler' with pid 52
2024-05-23 11:12:46,602 INFO success: laravel-scheduler entered RUNNING state, process has stayed up for > than 1 seconds (startsecs)
2024-05-23 11:12:51,265 INFO exited: laravel-scheduler (exit status 0; expected)
2024-05-23 11:12:52,272 INFO spawned: 'laravel-scheduler' with pid 55
2024-05-23 11:12:53,274 INFO success: laravel-scheduler entered RUNNING state, process has stayed up for > than 1 seconds (startsecs)
2024-05-23 11:12:57,986 INFO exited: laravel-scheduler (exit status 0; expected)
2024-05-23 11:12:58,991 INFO spawned: 'laravel-scheduler' with pid 58
2024-05-23 11:12:59,993 INFO success: laravel-scheduler entered RUNNING state, process has stayed up for > than 1 seconds (startsecs)
2024-05-23 11:13:01,996 INFO reaped unknown pid 62 (exit status 0)
2024-05-23 11:13:04,783 INFO exited: laravel-scheduler (exit status 0; expected)
2024-05-23 11:13:05,789 INFO spawned: 'laravel-scheduler' with pid 67
2024-05-23 11:13:06,791 INFO success: laravel-scheduler entered RUNNING state, process has stayed up for > than 1 seconds (startsecs)
2024-05-23 11:13:10,796 WARN received SIGQUIT indicating exit request
2024-05-23 11:13:10,796 INFO waiting for php-fpm, cron, laravel-scheduler, laravel-worker_00, laravel-worker_01, laravel-worker_02 to die
2024-05-23 11:13:11,544 WARN stopped: laravel-worker_00 (terminated by SIGTERM)
2024-05-23 11:13:11,544 WARN stopped: laravel-worker_01 (terminated by SIGTERM)
2024-05-23 11:13:11,545 WARN stopped: laravel-worker_02 (terminated by SIGTERM)
2024-05-23 11:13:12,552 WARN stopped: laravel-scheduler (terminated by SIGTERM)
2024-05-23 11:13:12,554 WARN stopped: cron (terminated by SIGTERM)
2024-05-23 11:13:12,560 INFO stopped: php-fpm (exit status 0)
2024-05-23 11:13:30,327 CRIT Supervisor is running as root.  Privileges were not dropped because no user is specified in the config file.  If you intend to run as root, you can set user=root in the config file to avoid this message.
2024-05-23 11:13:30,351 INFO supervisord started with pid 1
2024-05-23 11:13:31,356 INFO spawned: 'php-fpm' with pid 7
2024-05-23 11:13:31,359 INFO spawned: 'cron' with pid 8
2024-05-23 11:13:31,367 INFO spawned: 'laravel-scheduler' with pid 9
2024-05-23 11:13:31,388 INFO spawned: 'laravel-worker_00' with pid 10
2024-05-23 11:13:31,396 INFO spawned: 'laravel-worker_01' with pid 11
2024-05-23 11:13:31,405 INFO spawned: 'laravel-worker_02' with pid 12
2024-05-23 11:13:32,445 INFO success: php-fpm entered RUNNING state, process has stayed up for > than 1 seconds (startsecs)
2024-05-23 11:13:32,446 INFO success: cron entered RUNNING state, process has stayed up for > than 1 seconds (startsecs)
2024-05-23 11:13:32,446 INFO success: laravel-scheduler entered RUNNING state, process has stayed up for > than 1 seconds (startsecs)
2024-05-23 11:13:32,447 INFO success: laravel-worker_00 entered RUNNING state, process has stayed up for > than 1 seconds (startsecs)
2024-05-23 11:13:32,448 INFO success: laravel-worker_01 entered RUNNING state, process has stayed up for > than 1 seconds (startsecs)
2024-05-23 11:13:32,448 INFO success: laravel-worker_02 entered RUNNING state, process has stayed up for > than 1 seconds (startsecs)
2024-05-23 11:14:01,907 INFO reaped unknown pid 34 (exit status 0)
2024-05-23 11:14:51,614 WARN received SIGQUIT indicating exit request
2024-05-23 11:14:51,616 INFO waiting for php-fpm, cron, laravel-scheduler, laravel-worker_00, laravel-worker_01, laravel-worker_02 to die
2024-05-23 11:14:51,629 WARN stopped: laravel-worker_01 (terminated by SIGTERM)
2024-05-23 11:14:51,630 WARN stopped: laravel-worker_00 (terminated by SIGTERM)
2024-05-23 11:14:51,632 WARN stopped: laravel-worker_02 (terminated by SIGTERM)
2024-05-23 11:14:52,639 WARN stopped: laravel-scheduler (terminated by SIGTERM)
2024-05-23 11:14:52,643 WARN stopped: cron (terminated by SIGTERM)
2024-05-23 11:14:52,652 INFO stopped: php-fpm (exit status 0)
2024-05-23 11:15:04,057 CRIT Supervisor is running as root.  Privileges were not dropped because no user is specified in the config file.  If you intend to run as root, you can set user=root in the config file to avoid this message.
2024-05-23 11:15:04,062 INFO supervisord started with pid 1
2024-05-23 11:15:05,065 INFO spawned: 'php-fpm' with pid 7
2024-05-23 11:15:05,068 INFO spawned: 'cron' with pid 8
2024-05-23 11:15:05,075 INFO spawned: 'laravel-scheduler' with pid 9
2024-05-23 11:15:05,079 INFO spawned: 'laravel-worker_00' with pid 10
2024-05-23 11:15:05,085 INFO spawned: 'laravel-worker_01' with pid 11
2024-05-23 11:15:05,094 INFO spawned: 'laravel-worker_02' with pid 12
2024-05-23 11:15:06,127 INFO success: php-fpm entered RUNNING state, process has stayed up for > than 1 seconds (startsecs)
2024-05-23 11:15:06,128 INFO success: cron entered RUNNING state, process has stayed up for > than 1 seconds (startsecs)
2024-05-23 11:15:06,128 INFO success: laravel-scheduler entered RUNNING state, process has stayed up for > than 1 seconds (startsecs)
2024-05-23 11:15:06,129 INFO success: laravel-worker_00 entered RUNNING state, process has stayed up for > than 1 seconds (startsecs)
2024-05-23 11:15:06,129 INFO success: laravel-worker_01 entered RUNNING state, process has stayed up for > than 1 seconds (startsecs)
2024-05-23 11:15:06,130 INFO success: laravel-worker_02 entered RUNNING state, process has stayed up for > than 1 seconds (startsecs)
2024-05-23 11:16:01,304 INFO reaped unknown pid 34 (exit status 0)
2024-05-23 11:17:01,573 INFO reaped unknown pid 65 (exit status 0)
2024-05-23 11:18:01,624 INFO reaped unknown pid 97 (exit status 0)
2024-05-23 11:18:33,104 WARN received SIGQUIT indicating exit request
2024-05-23 11:18:33,104 INFO waiting for php-fpm, cron, laravel-scheduler, laravel-worker_00, laravel-worker_01, laravel-worker_02 to die
2024-05-23 11:18:34,126 WARN stopped: laravel-worker_00 (terminated by SIGTERM)
2024-05-23 11:18:34,127 WARN stopped: laravel-worker_01 (terminated by SIGTERM)
2024-05-23 11:18:34,127 WARN stopped: laravel-worker_02 (terminated by SIGTERM)
2024-05-23 11:18:35,131 WARN stopped: laravel-scheduler (terminated by SIGTERM)
2024-05-23 11:18:35,132 WARN stopped: cron (terminated by SIGTERM)
2024-05-23 11:18:35,139 INFO stopped: php-fpm (exit status 0)
2024-05-24 04:28:21,512 CRIT Supervisor is running as root.  Privileges were not dropped because no user is specified in the config file.  If you intend to run as root, you can set user=root in the config file to avoid this message.
2024-05-24 04:28:21,516 INFO supervisord started with pid 1
2024-05-24 04:28:22,519 INFO spawned: 'php-fpm' with pid 7
2024-05-24 04:28:22,523 INFO spawned: 'cron' with pid 8
2024-05-24 04:28:22,532 INFO spawned: 'laravel-scheduler' with pid 9
2024-05-24 04:28:22,539 INFO spawned: 'laravel-worker_00' with pid 10
2024-05-24 04:28:22,544 INFO spawned: 'laravel-worker_01' with pid 11
2024-05-24 04:28:22,555 INFO spawned: 'laravel-worker_02' with pid 12
2024-05-24 04:28:23,601 INFO success: php-fpm entered RUNNING state, process has stayed up for > than 1 seconds (startsecs)
2024-05-24 04:28:23,602 INFO success: cron entered RUNNING state, process has stayed up for > than 1 seconds (startsecs)
2024-05-24 04:28:23,602 INFO success: laravel-scheduler entered RUNNING state, process has stayed up for > than 1 seconds (startsecs)
2024-05-24 04:28:23,603 INFO success: laravel-worker_00 entered RUNNING state, process has stayed up for > than 1 seconds (startsecs)
2024-05-24 04:28:23,603 INFO success: laravel-worker_01 entered RUNNING state, process has stayed up for > than 1 seconds (startsecs)
2024-05-24 04:28:23,604 INFO success: laravel-worker_02 entered RUNNING state, process has stayed up for > than 1 seconds (startsecs)
2024-05-24 04:29:01,572 INFO reaped unknown pid 34 (exit status 0)
2024-05-24 04:30:02,495 INFO reaped unknown pid 65 (exit status 0)
2024-05-24 04:30:05,310 INFO reaped unknown pid 64 (exit status 0)
2024-05-24 04:31:01,645 INFO reaped unknown pid 97 (exit status 0)
2024-05-24 04:32:02,297 INFO reaped unknown pid 127 (exit status 0)
2024-05-24 04:33:02,341 INFO reaped unknown pid 157 (exit status 0)
2024-05-24 04:33:22,294 WARN received SIGQUIT indicating exit request
2024-05-24 04:33:22,295 INFO waiting for php-fpm, cron, laravel-scheduler, laravel-worker_00, laravel-worker_01, laravel-worker_02 to die
2024-05-24 04:33:23,300 WARN stopped: laravel-worker_00 (terminated by SIGTERM)
2024-05-24 04:33:23,300 WARN stopped: laravel-worker_01 (terminated by SIGTERM)
2024-05-24 04:33:23,301 WARN stopped: laravel-worker_02 (terminated by SIGTERM)
2024-05-24 04:33:24,305 WARN stopped: laravel-scheduler (terminated by SIGTERM)
2024-05-24 04:33:24,306 WARN stopped: cron (terminated by SIGTERM)
2024-05-24 04:33:24,311 INFO stopped: php-fpm (exit status 0)
2024-05-24 05:34:21,396 CRIT Supervisor is running as root.  Privileges were not dropped because no user is specified in the config file.  If you intend to run as root, you can set user=root in the config file to avoid this message.
2024-05-24 05:34:21,403 INFO supervisord started with pid 1
2024-05-24 05:34:22,406 INFO spawned: 'php-fpm' with pid 7
2024-05-24 05:34:22,409 INFO spawned: 'cron' with pid 8
2024-05-24 05:34:22,414 INFO spawned: 'laravel-scheduler' with pid 9
2024-05-24 05:34:22,423 INFO spawned: 'laravel-worker_00' with pid 10
2024-05-24 05:34:22,427 INFO spawned: 'laravel-worker_01' with pid 11
2024-05-24 05:34:22,438 INFO spawned: 'laravel-worker_02' with pid 12
2024-05-24 05:34:23,530 INFO success: php-fpm entered RUNNING state, process has stayed up for > than 1 seconds (startsecs)
2024-05-24 05:34:23,531 INFO success: cron entered RUNNING state, process has stayed up for > than 1 seconds (startsecs)
2024-05-24 05:34:23,532 INFO success: laravel-scheduler entered RUNNING state, process has stayed up for > than 1 seconds (startsecs)
2024-05-24 05:34:23,533 INFO success: laravel-worker_00 entered RUNNING state, process has stayed up for > than 1 seconds (startsecs)
2024-05-24 05:34:23,533 INFO success: laravel-worker_01 entered RUNNING state, process has stayed up for > than 1 seconds (startsecs)
2024-05-24 05:34:23,534 INFO success: laravel-worker_02 entered RUNNING state, process has stayed up for > than 1 seconds (startsecs)
2024-05-24 05:35:02,454 INFO reaped unknown pid 34 (exit status 0)
2024-05-24 05:35:30,623 WARN received SIGQUIT indicating exit request
2024-05-24 05:35:30,624 INFO waiting for php-fpm, cron, laravel-scheduler, laravel-worker_00, laravel-worker_01, laravel-worker_02 to die
2024-05-24 05:35:31,627 WARN stopped: laravel-worker_00 (terminated by SIGTERM)
2024-05-24 05:35:31,627 WARN stopped: laravel-worker_01 (terminated by SIGTERM)
2024-05-24 05:35:31,628 WARN stopped: laravel-worker_02 (terminated by SIGTERM)
2024-05-24 05:35:32,633 WARN stopped: laravel-scheduler (terminated by SIGTERM)
2024-05-24 05:35:32,634 WARN stopped: cron (terminated by SIGTERM)
2024-05-24 05:35:32,639 INFO stopped: php-fpm (exit status 0)
2024-05-24 05:35:57,332 CRIT Supervisor is running as root.  Privileges were not dropped because no user is specified in the config file.  If you intend to run as root, you can set user=root in the config file to avoid this message.
2024-05-24 05:35:57,338 INFO supervisord started with pid 1
2024-05-24 05:35:58,340 INFO spawned: 'php-fpm' with pid 7
2024-05-24 05:35:58,343 INFO spawned: 'cron' with pid 8
2024-05-24 05:35:58,348 INFO spawned: 'laravel-scheduler' with pid 9
2024-05-24 05:35:58,356 INFO spawned: 'laravel-worker_00' with pid 10
2024-05-24 05:35:58,360 INFO spawned: 'laravel-worker_01' with pid 11
2024-05-24 05:35:58,363 INFO spawned: 'laravel-worker_02' with pid 12
2024-05-24 05:35:59,404 INFO success: php-fpm entered RUNNING state, process has stayed up for > than 1 seconds (startsecs)
2024-05-24 05:35:59,405 INFO success: cron entered RUNNING state, process has stayed up for > than 1 seconds (startsecs)
2024-05-24 05:35:59,405 INFO success: laravel-scheduler entered RUNNING state, process has stayed up for > than 1 seconds (startsecs)
2024-05-24 05:35:59,407 INFO success: laravel-worker_00 entered RUNNING state, process has stayed up for > than 1 seconds (startsecs)
2024-05-24 05:35:59,408 INFO success: laravel-worker_01 entered RUNNING state, process has stayed up for > than 1 seconds (startsecs)
2024-05-24 05:35:59,409 INFO success: laravel-worker_02 entered RUNNING state, process has stayed up for > than 1 seconds (startsecs)
2024-05-24 05:36:01,411 INFO reaped unknown pid 18 (exit status 0)
2024-05-24 05:37:01,580 INFO reaped unknown pid 40 (exit status 0)
2024-05-24 05:38:01,890 INFO reaped unknown pid 50 (exit status 0)
2024-05-24 05:39:02,098 INFO reaped unknown pid 60 (exit status 0)
2024-05-24 05:40:01,612 INFO reaped unknown pid 72 (exit status 0)
2024-05-24 05:41:02,532 INFO reaped unknown pid 82 (exit status 0)
2024-05-24 05:42:02,530 INFO reaped unknown pid 92 (exit status 0)
2024-05-24 05:43:01,824 INFO reaped unknown pid 102 (exit status 0)
2024-05-24 05:44:01,765 INFO reaped unknown pid 112 (exit status 0)
2024-05-24 05:45:01,755 INFO reaped unknown pid 127 (exit status 0)
2024-05-24 05:45:04,758 INFO reaped unknown pid 126 (exit status 0)
2024-05-24 05:46:01,749 INFO reaped unknown pid 139 (exit status 0)
2024-05-24 05:47:02,736 INFO reaped unknown pid 149 (exit status 0)
2024-05-24 05:48:02,711 INFO reaped unknown pid 159 (exit status 0)
2024-05-24 05:49:02,696 INFO reaped unknown pid 169 (exit status 0)
2024-05-24 05:50:02,781 INFO reaped unknown pid 179 (exit status 0)
2024-05-24 05:51:01,954 INFO reaped unknown pid 189 (exit status 0)
2024-05-24 05:52:02,725 INFO reaped unknown pid 199 (exit status 0)
2024-05-24 05:53:02,708 INFO reaped unknown pid 209 (exit status 0)
2024-05-24 05:54:02,790 INFO reaped unknown pid 219 (exit status 0)
2024-05-24 05:55:02,646 INFO reaped unknown pid 229 (exit status 0)
2024-05-24 05:56:02,021 INFO reaped unknown pid 239 (exit status 0)
2024-05-24 05:57:01,544 INFO reaped unknown pid 249 (exit status 0)
2024-05-24 05:58:01,851 INFO reaped unknown pid 259 (exit status 0)
2024-05-24 05:59:01,731 INFO reaped unknown pid 269 (exit status 0)
2024-05-24 06:00:01,272 INFO reaped unknown pid 290 (exit status 0)
2024-05-24 06:00:04,276 INFO reaped unknown pid 289 (exit status 0)
2024-05-24 06:00:07,603 INFO reaped unknown pid 293 (exit status 0)
2024-05-24 06:01:01,874 INFO reaped unknown pid 309 (exit status 0)
2024-05-24 06:02:01,841 INFO reaped unknown pid 319 (exit status 0)
2024-05-24 06:03:01,732 INFO reaped unknown pid 329 (exit status 0)
2024-05-24 06:04:02,103 INFO reaped unknown pid 339 (exit status 0)
2024-05-24 06:05:01,887 INFO reaped unknown pid 349 (exit status 0)
2024-05-24 06:06:01,590 INFO reaped unknown pid 361 (exit status 0)
2024-05-24 06:07:01,778 INFO reaped unknown pid 371 (exit status 0)
2024-05-24 06:08:02,179 INFO reaped unknown pid 385 (exit status 0)
2024-05-24 06:09:01,642 INFO reaped unknown pid 395 (exit status 0)
2024-05-24 06:10:01,846 INFO reaped unknown pid 405 (exit status 0)
2024-05-24 06:11:01,938 INFO reaped unknown pid 415 (exit status 0)
2024-05-24 06:12:01,720 INFO reaped unknown pid 425 (exit status 0)
2024-05-24 06:13:02,553 INFO reaped unknown pid 435 (exit status 0)
2024-05-24 06:14:01,942 INFO reaped unknown pid 445 (exit status 0)
2024-05-24 06:15:02,725 INFO reaped unknown pid 459 (exit status 0)
2024-05-24 06:15:05,639 INFO reaped unknown pid 460 (exit status 0)
2024-05-24 06:16:02,708 INFO reaped unknown pid 472 (exit status 0)
2024-05-24 06:16:30,847 WARN received SIGQUIT indicating exit request
2024-05-24 06:16:30,864 INFO waiting for php-fpm, cron, laravel-scheduler, laravel-worker_00, laravel-worker_01, laravel-worker_02 to die
2024-05-24 06:16:30,877 WARN stopped: laravel-worker_01 (terminated by SIGTERM)
2024-05-24 06:16:30,880 WARN stopped: laravel-worker_00 (terminated by SIGTERM)
2024-05-24 06:16:30,882 WARN stopped: laravel-worker_02 (terminated by SIGTERM)
2024-05-24 06:16:31,890 WARN stopped: laravel-scheduler (terminated by SIGTERM)
2024-05-24 06:16:31,892 WARN stopped: cron (terminated by SIGTERM)
2024-05-24 06:16:31,913 INFO stopped: php-fpm (exit status 0)
2024-05-24 06:16:57,489 CRIT Supervisor is running as root.  Privileges were not dropped because no user is specified in the config file.  If you intend to run as root, you can set user=root in the config file to avoid this message.
2024-05-24 06:16:57,494 INFO supervisord started with pid 1
2024-05-24 06:16:58,497 INFO spawned: 'php-fpm' with pid 7
2024-05-24 06:16:58,500 INFO spawned: 'cron' with pid 8
2024-05-24 06:16:58,506 INFO spawned: 'laravel-scheduler' with pid 9
2024-05-24 06:16:58,510 INFO spawned: 'laravel-worker_00' with pid 10
2024-05-24 06:16:58,514 INFO spawned: 'laravel-worker_01' with pid 11
2024-05-24 06:16:58,517 INFO spawned: 'laravel-worker_02' with pid 12
2024-05-24 06:16:59,581 INFO success: php-fpm entered RUNNING state, process has stayed up for > than 1 seconds (startsecs)
2024-05-24 06:16:59,581 INFO success: cron entered RUNNING state, process has stayed up for > than 1 seconds (startsecs)
2024-05-24 06:16:59,581 INFO success: laravel-scheduler entered RUNNING state, process has stayed up for > than 1 seconds (startsecs)
2024-05-24 06:16:59,582 INFO success: laravel-worker_00 entered RUNNING state, process has stayed up for > than 1 seconds (startsecs)
2024-05-24 06:16:59,582 INFO success: laravel-worker_01 entered RUNNING state, process has stayed up for > than 1 seconds (startsecs)
2024-05-24 06:16:59,583 INFO success: laravel-worker_02 entered RUNNING state, process has stayed up for > than 1 seconds (startsecs)
2024-05-24 06:17:01,585 INFO reaped unknown pid 21 (exit status 0)
2024-05-24 06:18:02,510 INFO reaped unknown pid 43 (exit status 0)
